<?xml version="1.0" encoding="UTF-8"?>
<!-- Generated by org.testng.reporters.JUnitReportReporter -->
<testsuite hostname="rakesh" failures="0" tests="1" name="com.hrms.testscripts.TC001" time="9.981" errors="0" timestamp="30 Jan 2024 11:37:08 GMT">
  <testcase classname="com.hrms.testscripts.TC001" name="tc001" time="9.981"/>
</testsuite> <!-- com.hrms.testscripts.TC001 -->
