<?xml version="1.0" encoding="UTF-8"?>
<!-- Generated by org.testng.reporters.JUnitReportReporter -->
<testsuite hostname="rakesh" failures="0" tests="2" name="testngExamples.Example2" time="0.008" errors="0" timestamp="6 Dec 2023 16:10:46 GMT">
  <testcase classname="testngExamples.Example2" name="delemp" time="0.006"/>
  <testcase classname="testngExamples.Example2" name="addemp" time="0.002"/>
</testsuite> <!-- testngExamples.Example2 -->
