<?xml version="1.0" encoding="UTF-8"?>
<!-- Generated by org.testng.reporters.JUnitReportReporter -->
<testsuite hostname="rakesh" failures="0" tests="2" name="testngExamples.Exp_Testng" time="0.018" errors="0" timestamp="26 Feb 2024 06:25:58 GMT">
  <testcase classname="testngExamples.Exp_Testng" name="logout" time="0.002"/>
  <testcase classname="testngExamples.Exp_Testng" name="login" time="0.016"/>
</testsuite> <!-- testngExamples.Exp_Testng -->
