<?xml version="1.0" encoding="UTF-8"?>
<!-- Generated by org.testng.reporters.JUnitReportReporter -->
<testsuite hostname="rakesh" failures="0" tests="1" name="com.hrms.testscripts.TC002" time="7.278" errors="0" timestamp="9 Dec 2023 03:39:46 GMT">
  <testcase classname="com.hrms.testscripts.TC002" name="tc002" time="7.278"/>
</testsuite> <!-- com.hrms.testscripts.TC002 -->
