<?xml version="1.0" encoding="UTF-8"?>
<!-- Generated by org.testng.reporters.JUnitReportReporter -->
<testsuite hostname="rakesh" failures="0" tests="2" name="testngExamples.Exp_Testng" time="0.008" errors="0" timestamp="6 Dec 2023 07:17:13 GMT">
  <testcase classname="testngExamples.Exp_Testng" name="logout" time="0.002"/>
  <testcase classname="testngExamples.Exp_Testng" name="login" time="0.006"/>
</testsuite> <!-- testngExamples.Exp_Testng -->
