<?xml version="1.0" encoding="UTF-8"?>
<!-- Generated by org.testng.reporters.JUnitReportReporter -->
<testsuite hostname="rakesh" failures="0" tests="1" name="com.hrms.testscripts.TC001" time="6.211" errors="0" timestamp="9 Dec 2023 03:38:57 GMT">
  <testcase classname="com.hrms.testscripts.TC001" name="tc001" time="6.211"/>
</testsuite> <!-- com.hrms.testscripts.TC001 -->
