<?xml version="1.0" encoding="UTF-8"?>
<!-- Generated by org.testng.reporters.JUnitReportReporter -->
<testsuite hostname="rakesh" failures="0" tests="1" name="com.hrms.testscripts.TC002" time="8.282" errors="0" timestamp="13 Feb 2024 05:22:00 GMT">
  <testcase classname="com.hrms.testscripts.TC002" name="tc002" time="8.282"/>
</testsuite> <!-- com.hrms.testscripts.TC002 -->
