<?xml version="1.0" encoding="UTF-8"?>
<!-- Generated by org.testng.reporters.JUnitReportReporter -->
<testsuite hostname="rakesh" failures="0" tests="2" name="testngExamples.Example2" time="0.008" errors="0" timestamp="26 Feb 2024 06:23:55 GMT">
  <testcase classname="testngExamples.Example2" name="delemp" time="0.002"/>
  <testcase classname="testngExamples.Example2" name="addemp" time="0.006"/>
</testsuite> <!-- testngExamples.Example2 -->
